<?xml version="1.0" encoding="UTF-8" ?>
<testsuite tests="12" failures="0" name="runners.RunCucumberTest" time="36.034" errors="0" skipped="0">
  <properties>
[...]
</properties>
  <testcase classname="Sign in and registration page5" name="Sign in with valid credentials" time="15.282"/>
  <testcase classname="Sign in and registration page5" name="Try to sign in with invalid credentials" time="1.772"/>
  <testcase classname="Sign in and registration page5" name="Try to sign in with invalid credentials" time="2.073"/>
  <testcase classname="Sign in and registration page5" name="Try to sign in with invalid credentials" time="1.856"/>
  <testcase classname="Sign in and registration page5" name="Try to sign in with invalid credentials" time="1.929"/>
  <testcase classname="Sign in and registration page5" name="Try to sign in with invalid credentials" time="2.051"/>
  <testcase classname="Sign in and registration page5" name="Try to sign in with invalid credentials" time="1.866"/>
  <testcase classname="Sign in and registration page5" name="Try to sign in with invalid credentials" time="1.953"/>
  <testcase classname="Sign in and registration page5" name="Try to sign in with invalid credentials" time="1.709"/>
  <testcase classname="Sign in and registration page5" name="Try to sign in with invalid credentials" time="1.961"/>
  <testcase classname="Sign in and registration page5" name="Try to sign in with invalid credentials" time="1.909"/>
  <testcase classname="Sign in and registration page5" name="Try to sign in with invalid credentials" time="1.673"/>
</testsuite>